[2019-02-22 11:05:04,931] INFO Terminating process due to signal SIGHUP (org.apache.kafka.common.utils.LoggingSignalHandler)
[2019-02-22 11:05:04,931] INFO Terminating process due to signal SIGHUP (org.apache.kafka.common.utils.LoggingSignalHandler)
[2019-02-22 11:05:04,945] INFO [KafkaServer id=0] shutting down (kafka.server.KafkaServer)
[2019-02-22 11:05:04,946] INFO [KafkaServer id=0] Starting controlled shutdown (kafka.server.KafkaServer)
[2019-02-22 11:05:04,971] INFO [KafkaServer id=0] Controlled shutdown succeeded (kafka.server.KafkaServer)
[2019-02-22 11:05:04,975] INFO [/config/changes-event-process-thread]: Shutting down (kafka.common.ZkNodeChangeNotificationListener$ChangeEventProcessThread)
[2019-02-22 11:05:04,976] INFO [/config/changes-event-process-thread]: Shutdown completed (kafka.common.ZkNodeChangeNotificationListener$ChangeEventProcessThread)
[2019-02-22 11:05:04,976] INFO [/config/changes-event-process-thread]: Stopped (kafka.common.ZkNodeChangeNotificationListener$ChangeEventProcessThread)
[2019-02-22 11:05:04,976] INFO [SocketServer brokerId=0] Stopping socket server request processors (kafka.network.SocketServer)
[2019-02-22 11:05:04,985] INFO [SocketServer brokerId=0] Stopped socket server request processors (kafka.network.SocketServer)
[2019-02-22 11:05:04,986] INFO [Kafka Request Handler on Broker 0], shutting down (kafka.server.KafkaRequestHandlerPool)
[2019-02-22 11:05:04,989] INFO [Kafka Request Handler on Broker 0], shut down completely (kafka.server.KafkaRequestHandlerPool)
[2019-02-22 11:05:04,991] INFO [KafkaApi-0] Shutdown complete. (kafka.server.KafkaApis)
[2019-02-22 11:05:04,992] INFO [ExpirationReaper-0-topic]: Shutting down (kafka.server.DelayedOperationPurgatory$ExpiredOperationReaper)
[2019-02-22 11:05:05,129] INFO [ExpirationReaper-0-topic]: Stopped (kafka.server.DelayedOperationPurgatory$ExpiredOperationReaper)
[2019-02-22 11:05:05,129] INFO [ExpirationReaper-0-topic]: Shutdown completed (kafka.server.DelayedOperationPurgatory$ExpiredOperationReaper)
[2019-02-22 11:05:05,135] INFO [TransactionCoordinator id=0] Shutting down. (kafka.coordinator.transaction.TransactionCoordinator)
[2019-02-22 11:05:05,139] INFO [ProducerId Manager 0]: Shutdown complete: last producerId assigned 0 (kafka.coordinator.transaction.ProducerIdManager)
[2019-02-22 11:05:05,141] INFO [Transaction State Manager 0]: Shutdown complete (kafka.coordinator.transaction.TransactionStateManager)
[2019-02-22 11:05:05,142] INFO [Transaction Marker Channel Manager 0]: Shutting down (kafka.coordinator.transaction.TransactionMarkerChannelManager)
[2019-02-22 11:05:05,146] INFO [Transaction Marker Channel Manager 0]: Shutdown completed (kafka.coordinator.transaction.TransactionMarkerChannelManager)
[2019-02-22 11:05:05,146] INFO [Transaction Marker Channel Manager 0]: Stopped (kafka.coordinator.transaction.TransactionMarkerChannelManager)
[2019-02-22 11:05:05,147] INFO [TransactionCoordinator id=0] Shutdown complete. (kafka.coordinator.transaction.TransactionCoordinator)
[2019-02-22 11:05:05,149] INFO [GroupCoordinator 0]: Shutting down. (kafka.coordinator.group.GroupCoordinator)
[2019-02-22 11:05:05,151] INFO [ExpirationReaper-0-Heartbeat]: Shutting down (kafka.server.DelayedOperationPurgatory$ExpiredOperationReaper)
[2019-02-22 11:05:05,326] INFO [ExpirationReaper-0-Heartbeat]: Stopped (kafka.server.DelayedOperationPurgatory$ExpiredOperationReaper)
[2019-02-22 11:05:05,326] INFO [ExpirationReaper-0-Heartbeat]: Shutdown completed (kafka.server.DelayedOperationPurgatory$ExpiredOperationReaper)
[2019-02-22 11:05:05,328] INFO [ExpirationReaper-0-Rebalance]: Shutting down (kafka.server.DelayedOperationPurgatory$ExpiredOperationReaper)
[2019-02-22 11:05:05,526] INFO [ExpirationReaper-0-Rebalance]: Stopped (kafka.server.DelayedOperationPurgatory$ExpiredOperationReaper)
[2019-02-22 11:05:05,526] INFO [ExpirationReaper-0-Rebalance]: Shutdown completed (kafka.server.DelayedOperationPurgatory$ExpiredOperationReaper)
[2019-02-22 11:05:05,529] INFO [GroupCoordinator 0]: Shutdown complete. (kafka.coordinator.group.GroupCoordinator)
[2019-02-22 11:05:05,533] INFO [ReplicaManager broker=0] Shutting down (kafka.server.ReplicaManager)
[2019-02-22 11:05:05,535] INFO [LogDirFailureHandler]: Shutting down (kafka.server.ReplicaManager$LogDirFailureHandler)
[2019-02-22 11:05:05,537] INFO [LogDirFailureHandler]: Stopped (kafka.server.ReplicaManager$LogDirFailureHandler)
[2019-02-22 11:05:05,537] INFO [LogDirFailureHandler]: Shutdown completed (kafka.server.ReplicaManager$LogDirFailureHandler)
[2019-02-22 11:05:05,539] INFO [ReplicaFetcherManager on broker 0] shutting down (kafka.server.ReplicaFetcherManager)
[2019-02-22 11:05:05,544] INFO [ReplicaFetcherManager on broker 0] shutdown completed (kafka.server.ReplicaFetcherManager)
[2019-02-22 11:05:05,546] INFO [ReplicaAlterLogDirsManager on broker 0] shutting down (kafka.server.ReplicaAlterLogDirsManager)
[2019-02-22 11:05:05,547] INFO [ReplicaAlterLogDirsManager on broker 0] shutdown completed (kafka.server.ReplicaAlterLogDirsManager)
[2019-02-22 11:05:05,547] INFO [ExpirationReaper-0-Fetch]: Shutting down (kafka.server.DelayedOperationPurgatory$ExpiredOperationReaper)
[2019-02-22 11:05:05,634] INFO [ExpirationReaper-0-Fetch]: Stopped (kafka.server.DelayedOperationPurgatory$ExpiredOperationReaper)
[2019-02-22 11:05:05,634] INFO [ExpirationReaper-0-Fetch]: Shutdown completed (kafka.server.DelayedOperationPurgatory$ExpiredOperationReaper)
[2019-02-22 11:05:05,636] INFO [ExpirationReaper-0-Produce]: Shutting down (kafka.server.DelayedOperationPurgatory$ExpiredOperationReaper)
[2019-02-22 11:05:05,822] INFO [ExpirationReaper-0-Produce]: Stopped (kafka.server.DelayedOperationPurgatory$ExpiredOperationReaper)
[2019-02-22 11:05:05,822] INFO [ExpirationReaper-0-Produce]: Shutdown completed (kafka.server.DelayedOperationPurgatory$ExpiredOperationReaper)
[2019-02-22 11:05:05,823] INFO [ExpirationReaper-0-DeleteRecords]: Shutting down (kafka.server.DelayedOperationPurgatory$ExpiredOperationReaper)
[2019-02-22 11:05:06,019] INFO [ExpirationReaper-0-DeleteRecords]: Stopped (kafka.server.DelayedOperationPurgatory$ExpiredOperationReaper)
[2019-02-22 11:05:06,019] INFO [ExpirationReaper-0-DeleteRecords]: Shutdown completed (kafka.server.DelayedOperationPurgatory$ExpiredOperationReaper)
[2019-02-22 11:05:06,027] INFO [ReplicaManager broker=0] Shut down completely (kafka.server.ReplicaManager)
[2019-02-22 11:05:06,028] INFO Shutting down. (kafka.log.LogManager)
[2019-02-22 11:05:06,052] INFO Shutdown complete. (kafka.log.LogManager)
[2019-02-22 11:05:06,062] INFO [ZooKeeperClient] Closing. (kafka.zookeeper.ZooKeeperClient)
[2019-02-22 11:05:06,069] INFO Session: 0x1000002d0590000 closed (org.apache.zookeeper.ZooKeeper)
[2019-02-22 11:05:06,069] INFO EventThread shut down for session: 0x1000002d0590000 (org.apache.zookeeper.ClientCnxn)
[2019-02-22 11:05:06,070] INFO [ZooKeeperClient] Closed. (kafka.zookeeper.ZooKeeperClient)
[2019-02-22 11:05:06,071] INFO [ThrottledChannelReaper-Fetch]: Shutting down (kafka.server.ClientQuotaManager$ThrottledChannelReaper)
[2019-02-22 11:05:06,931] INFO [ThrottledChannelReaper-Fetch]: Stopped (kafka.server.ClientQuotaManager$ThrottledChannelReaper)
[2019-02-22 11:05:06,931] INFO [ThrottledChannelReaper-Fetch]: Shutdown completed (kafka.server.ClientQuotaManager$ThrottledChannelReaper)
[2019-02-22 11:05:06,933] INFO [ThrottledChannelReaper-Produce]: Shutting down (kafka.server.ClientQuotaManager$ThrottledChannelReaper)
[2019-02-22 11:05:06,935] INFO [ThrottledChannelReaper-Produce]: Stopped (kafka.server.ClientQuotaManager$ThrottledChannelReaper)
[2019-02-22 11:05:06,935] INFO [ThrottledChannelReaper-Produce]: Shutdown completed (kafka.server.ClientQuotaManager$ThrottledChannelReaper)
[2019-02-22 11:05:06,936] INFO [ThrottledChannelReaper-Request]: Shutting down (kafka.server.ClientQuotaManager$ThrottledChannelReaper)
[2019-02-22 11:05:07,935] INFO [ThrottledChannelReaper-Request]: Stopped (kafka.server.ClientQuotaManager$ThrottledChannelReaper)
[2019-02-22 11:05:07,936] INFO [ThrottledChannelReaper-Request]: Shutdown completed (kafka.server.ClientQuotaManager$ThrottledChannelReaper)
[2019-02-22 11:05:07,940] INFO [SocketServer brokerId=0] Shutting down socket server (kafka.network.SocketServer)
[2019-02-22 11:05:07,991] INFO [SocketServer brokerId=0] Shutdown completed (kafka.network.SocketServer)
[2019-02-22 11:05:07,993] INFO [KafkaServer id=0] shut down completed (kafka.server.KafkaServer)
